<?xml version="1.0" encoding="UTF-8"?>
<!-- Generated by org.testng.reporters.JUnitReportReporter -->
<testsuite skipped="0" hostname="DESKTOP-POP6H1C" name="testCases.Sample" tests="1" failures="0" timestamp="21 Nov 2017 02:46:51 GMT" time="9.596" errors="0">
  <testcase name="test2" time="9.596" classname="testCases.Sample"/>
</testsuite> <!-- testCases.Sample -->
