<?xml version="1.0" encoding="UTF-8"?>
<!-- Generated by org.testng.reporters.JUnitReportReporter -->
<testsuite skipped="0" hostname="DESKTOP-POP6H1C" name="testCases.Sample" tests="2" failures="0" timestamp="19 Nov 2017 18:59:27 GMT" time="0.014" errors="0">
  <testcase name="test1" time="0.012" classname="testCases.Sample"/>
  <testcase name="test2" time="0.002" classname="testCases.Sample"/>
</testsuite> <!-- testCases.Sample -->
